{"level":"info","message":{"level":"info","requestBody":"{}","requestURL":"POST /api/posts/","timestamp":"Thu Nov 09 2023 19:35:04 GMT+0530 (India Standard Time)"}}
{"level":"info","message":{"level":"info","requestBody":"","requestURL":"DELETE /api/posts/3","timestamp":"Thu Nov 09 2023 19:35:26 GMT+0530 (India Standard Time)"}}
{"level":"info","message":{"level":"info","requestBody":"","requestURL":"DELETE /api/posts/3","timestamp":"Thu Nov 09 2023 19:35:37 GMT+0530 (India Standard Time)"}}
{"level":"info","message":{"level":"info","requestBody":"{}","requestURL":"POST /api/posts/","timestamp":"Thu Nov 09 2023 20:30:28 GMT+0530 (India Standard Time)"}}
{"level":"info","message":{"level":"info","requestBody":"{}","requestURL":"POST /api/posts/","timestamp":"Thu Nov 09 2023 20:30:36 GMT+0530 (India Standard Time)"}}
{"level":"info","message":{"level":"info","requestBody":"{}","requestURL":"POST /api/comments/2","timestamp":"Thu Nov 09 2023 20:31:15 GMT+0530 (India Standard Time)"}}
{"level":"info","message":{"level":"info","requestBody":"{}","requestURL":"POST /api/posts/","timestamp":"Thu Nov 09 2023 20:31:38 GMT+0530 (India Standard Time)"}}
{"level":"info","message":{"level":"info","requestBody":"{}","requestURL":"POST /api/comments/2","timestamp":"Thu Nov 09 2023 20:31:41 GMT+0530 (India Standard Time)"}}
{"level":"info","message":{"level":"info","requestBody":"{}","requestURL":"POST /api/comments/2","timestamp":"Thu Nov 09 2023 20:31:50 GMT+0530 (India Standard Time)"}}
{"level":"info","message":{"level":"info","requestBody":"{}","requestURL":"POST /api/comments/2","timestamp":"Thu Nov 09 2023 20:33:02 GMT+0530 (India Standard Time)"}}
{"level":"info","message":{"level":"info","requestBody":"","requestURL":"GET /api/posts/all","timestamp":"Thu Nov 09 2023 20:33:43 GMT+0530 (India Standard Time)"}}
{"level":"info","message":{"level":"info","requestBody":"{}","requestURL":"POST /api/posts/","timestamp":"Thu Nov 09 2023 20:35:31 GMT+0530 (India Standard Time)"}}
{"level":"info","message":{"level":"info","requestBody":"{}","requestURL":"POST /api/comments/2","timestamp":"Thu Nov 09 2023 20:35:34 GMT+0530 (India Standard Time)"}}
{"level":"info","message":{"level":"info","requestBody":"","requestURL":"PUT /api/comments/2","timestamp":"Thu Nov 09 2023 20:35:44 GMT+0530 (India Standard Time)"}}
{"level":"info","message":{"level":"info","requestBody":"","requestURL":"GET /api/posts/all","timestamp":"Thu Nov 09 2023 20:35:50 GMT+0530 (India Standard Time)"}}
{"level":"info","message":{"level":"info","requestBody":"","requestURL":"GET /api/comments/2","timestamp":"Thu Nov 09 2023 20:36:07 GMT+0530 (India Standard Time)"}}
{"level":"info","message":{"level":"info","requestBody":"","requestURL":"GET /api/comments/1","timestamp":"Thu Nov 09 2023 20:36:11 GMT+0530 (India Standard Time)"}}
{"level":"info","message":{"level":"info","requestBody":"{}","requestURL":"POST /api/comments/1","timestamp":"Thu Nov 09 2023 20:36:16 GMT+0530 (India Standard Time)"}}
{"level":"info","message":{"level":"info","requestBody":"{}","requestURL":"POST /api/comments/1","timestamp":"Thu Nov 09 2023 20:50:49 GMT+0530 (India Standard Time)"}}
{"level":"info","message":{"level":"info","requestBody":"","requestURL":"GET /api/posts/all","timestamp":"Thu Nov 09 2023 20:50:52 GMT+0530 (India Standard Time)"}}
{"level":"info","message":{"level":"info","requestBody":"{}","requestURL":"POST /api/comments/1","timestamp":"Thu Nov 09 2023 20:51:07 GMT+0530 (India Standard Time)"}}
{"level":"info","message":{"level":"info","requestBody":"{}","requestURL":"POST /api/comments/1","timestamp":"Thu Nov 09 2023 20:51:16 GMT+0530 (India Standard Time)"}}
{"level":"info","message":{"level":"info","requestBody":"{}","requestURL":"POST /api/comments/1","timestamp":"Thu Nov 09 2023 20:51:37 GMT+0530 (India Standard Time)"}}
{"level":"info","message":{"level":"info","requestBody":"{}","requestURL":"POST /api/comments/1","timestamp":"Thu Nov 09 2023 20:53:38 GMT+0530 (India Standard Time)"}}
{"level":"info","message":{"level":"info","requestBody":"","requestURL":"GET /api/comments/1","timestamp":"Thu Nov 09 2023 20:58:35 GMT+0530 (India Standard Time)"}}
{"level":"info","message":{"level":"info","requestBody":"","requestURL":"GET /api/comments/1","timestamp":"Thu Nov 09 2023 20:58:40 GMT+0530 (India Standard Time)"}}
{"level":"info","message":{"level":"info","requestBody":"{}","requestURL":"POST /api/comments/1","timestamp":"Thu Nov 09 2023 20:58:53 GMT+0530 (India Standard Time)"}}
{"level":"info","message":{"level":"info","requestBody":"{}","requestURL":"POST /api/comments/1","timestamp":"Thu Nov 09 2023 21:00:46 GMT+0530 (India Standard Time)"}}
{"level":"info","message":{"level":"info","requestBody":"{}","requestURL":"POST /api/comments/1","timestamp":"Thu Nov 09 2023 21:01:46 GMT+0530 (India Standard Time)"}}
{"level":"info","message":{"level":"info","requestBody":"{}","requestURL":"POST /api/comments/1","timestamp":"Thu Nov 09 2023 21:02:19 GMT+0530 (India Standard Time)"}}
{"level":"info","message":{"level":"info","requestBody":"","requestURL":"GET /api/posts/all","timestamp":"Thu Nov 09 2023 21:02:34 GMT+0530 (India Standard Time)"}}
{"level":"info","message":{"level":"info","requestBody":"{}","requestURL":"POST /api/posts/","timestamp":"Thu Nov 09 2023 21:02:35 GMT+0530 (India Standard Time)"}}
{"level":"info","message":{"level":"info","requestBody":"{}","requestURL":"POST /api/comments/2","timestamp":"Thu Nov 09 2023 21:02:41 GMT+0530 (India Standard Time)"}}
{"level":"info","message":{"level":"info","requestBody":"","requestURL":"GET /api/posts/all","timestamp":"Thu Nov 09 2023 21:02:45 GMT+0530 (India Standard Time)"}}
{"level":"info","message":{"level":"info","requestBody":"{}","requestURL":"POST /api/posts/","timestamp":"Thu Nov 09 2023 21:27:34 GMT+0530 (India Standard Time)"}}
{"level":"info","message":{"level":"info","requestBody":"{}","requestURL":"POST /api/comments/2","timestamp":"Thu Nov 09 2023 21:27:39 GMT+0530 (India Standard Time)"}}
{"level":"info","message":{"level":"info","requestBody":"","requestURL":"GET /api/comments/2","timestamp":"Thu Nov 09 2023 21:29:26 GMT+0530 (India Standard Time)"}}
{"level":"info","message":{"level":"info","requestBody":"","requestURL":"GET /api/comments/1","timestamp":"Thu Nov 09 2023 21:29:29 GMT+0530 (India Standard Time)"}}
{"level":"info","message":{"level":"info","requestBody":"","requestURL":"PUT /api/comments/1","timestamp":"Thu Nov 09 2023 21:29:35 GMT+0530 (India Standard Time)"}}
{"level":"info","message":{"level":"info","requestBody":"{}","requestURL":"POST /api/comments/1","timestamp":"Thu Nov 09 2023 21:29:43 GMT+0530 (India Standard Time)"}}
{"level":"info","message":{"level":"info","requestBody":"{}","requestURL":"POST /api/comments/1","timestamp":"Thu Nov 09 2023 21:30:06 GMT+0530 (India Standard Time)"}}
{"level":"info","message":{"level":"info","requestBody":"{}","requestURL":"POST /api/comments/1","timestamp":"Thu Nov 09 2023 21:30:31 GMT+0530 (India Standard Time)"}}
{"level":"info","message":{"level":"info","requestBody":"{}","requestURL":"POST /api/comments/1","timestamp":"Thu Nov 09 2023 21:30:45 GMT+0530 (India Standard Time)"}}
{"level":"info","message":{"level":"info","requestBody":"","requestURL":"GET /api/posts/all","timestamp":"Thu Nov 09 2023 21:31:00 GMT+0530 (India Standard Time)"}}
{"level":"info","message":{"level":"info","requestBody":"","requestURL":"GET /api/comments/","timestamp":"Thu Nov 09 2023 21:31:55 GMT+0530 (India Standard Time)"}}
{"level":"info","message":{"level":"info","requestBody":"","requestURL":"GET /api/comments/1","timestamp":"Thu Nov 09 2023 21:32:19 GMT+0530 (India Standard Time)"}}
{"level":"info","message":{"level":"info","requestBody":"{}","requestURL":"POST /api/comments/1","timestamp":"Thu Nov 09 2023 21:32:30 GMT+0530 (India Standard Time)"}}
{"level":"info","message":{"level":"info","requestBody":"{}","requestURL":"POST /api/comments/1","timestamp":"Thu Nov 09 2023 21:32:38 GMT+0530 (India Standard Time)"}}
{"level":"info","message":{"level":"info","requestBody":"{}","requestURL":"POST /api/posts/","timestamp":"Thu Nov 09 2023 21:45:45 GMT+0530 (India Standard Time)"}}
{"level":"info","message":{"level":"info","requestBody":"{}","requestURL":"POST /api/comments/2","timestamp":"Thu Nov 09 2023 21:45:51 GMT+0530 (India Standard Time)"}}
{"level":"info","message":{"level":"info","requestBody":"{}","requestURL":"POST /api/comments/2","timestamp":"Thu Nov 09 2023 21:46:09 GMT+0530 (India Standard Time)"}}
{"level":"info","message":{"level":"info","requestBody":"","requestURL":"GET /api/posts/all","timestamp":"Thu Nov 09 2023 21:46:43 GMT+0530 (India Standard Time)"}}
{"level":"info","message":{"level":"info","requestBody":"{}","requestURL":"POST /api/posts/","timestamp":"Thu Nov 09 2023 21:47:55 GMT+0530 (India Standard Time)"}}
{"level":"info","message":{"level":"info","requestBody":"{}","requestURL":"POST /api/comments/2","timestamp":"Thu Nov 09 2023 21:47:56 GMT+0530 (India Standard Time)"}}
{"level":"info","message":{"level":"info","requestBody":"{}","requestURL":"POST /api/posts/","timestamp":"Thu Nov 09 2023 21:51:46 GMT+0530 (India Standard Time)"}}
{"level":"info","message":{"level":"info","requestBody":"","requestURL":"GET /api/posts/all","timestamp":"Thu Nov 09 2023 21:51:48 GMT+0530 (India Standard Time)"}}
{"level":"info","message":{"level":"info","requestBody":"{}","requestURL":"POST /api/comments/2","timestamp":"Thu Nov 09 2023 21:51:51 GMT+0530 (India Standard Time)"}}
{"level":"info","message":{"level":"info","requestBody":"","requestURL":"GET /api/posts/all","timestamp":"Thu Nov 09 2023 21:51:55 GMT+0530 (India Standard Time)"}}
{"level":"info","message":{"level":"info","requestBody":"{}","requestURL":"POST /api/posts/","timestamp":"Thu Nov 09 2023 22:17:02 GMT+0530 (India Standard Time)"}}
{"level":"info","message":{"level":"info","requestBody":"{}","requestURL":"POST /api/comments/2","timestamp":"Thu Nov 09 2023 22:17:05 GMT+0530 (India Standard Time)"}}
{"level":"info","message":{"level":"info","requestBody":"{}","requestURL":"POST /api/posts/","timestamp":"Thu Nov 09 2023 22:20:39 GMT+0530 (India Standard Time)"}}
{"level":"info","message":{"level":"info","requestBody":"{}","requestURL":"POST /api/comments/2","timestamp":"Thu Nov 09 2023 22:20:41 GMT+0530 (India Standard Time)"}}
{"level":"info","message":{"level":"info","requestBody":"{}","requestURL":"POST /api/comments/2","timestamp":"Fri Nov 10 2023 08:37:06 GMT+0530 (India Standard Time)"}}
{"level":"info","message":{"level":"info","requestBody":"{}","requestURL":"POST /api/comments/2","timestamp":"Fri Nov 10 2023 08:38:17 GMT+0530 (India Standard Time)"}}
{"level":"info","message":{"level":"info","requestBody":"{}","requestURL":"POST /api/comments/2","timestamp":"Fri Nov 10 2023 08:38:27 GMT+0530 (India Standard Time)"}}
{"level":"info","message":{"level":"info","requestBody":"{}","requestURL":"POST /api/comments/2","timestamp":"Fri Nov 10 2023 08:39:09 GMT+0530 (India Standard Time)"}}
{"level":"info","message":{"level":"info","requestBody":"{}","requestURL":"POST /api/comments/2","timestamp":"Fri Nov 10 2023 08:40:31 GMT+0530 (India Standard Time)"}}
{"level":"info","message":{"level":"info","requestBody":"{}","requestURL":"POST /api/comments/2","timestamp":"Fri Nov 10 2023 08:41:16 GMT+0530 (India Standard Time)"}}
{"level":"info","message":{"level":"info","requestBody":"{}","requestURL":"POST /api/comments/2","timestamp":"Fri Nov 10 2023 08:41:25 GMT+0530 (India Standard Time)"}}
{"level":"info","message":{"level":"info","requestBody":"","requestURL":"GET /api/posts/all","timestamp":"Fri Nov 10 2023 08:55:21 GMT+0530 (India Standard Time)"}}
{"level":"info","message":{"level":"info","requestBody":"{}","requestURL":"POST /api/comments/1","timestamp":"Fri Nov 10 2023 08:55:29 GMT+0530 (India Standard Time)"}}
{"level":"info","message":{"level":"info","requestBody":"{}","requestURL":"POST /api/comments/2","timestamp":"Fri Nov 10 2023 08:55:36 GMT+0530 (India Standard Time)"}}
{"level":"info","message":{"level":"info","requestBody":"{}","requestURL":"POST /api/comments/3","timestamp":"Fri Nov 10 2023 08:55:42 GMT+0530 (India Standard Time)"}}
{"level":"info","message":{"level":"info","requestBody":"","requestURL":"GET /api/comments/","timestamp":"Fri Nov 10 2023 08:55:56 GMT+0530 (India Standard Time)"}}
{"level":"info","message":{"level":"info","requestBody":"","requestURL":"GET /api/comments/1","timestamp":"Fri Nov 10 2023 08:56:00 GMT+0530 (India Standard Time)"}}
{"level":"info","message":{"level":"info","requestBody":"","requestURL":"GET /api/comments/2","timestamp":"Fri Nov 10 2023 08:56:04 GMT+0530 (India Standard Time)"}}
{"level":"info","message":{"level":"info","requestBody":"{}","requestURL":"POST /api/comments/2","timestamp":"Fri Nov 10 2023 08:56:18 GMT+0530 (India Standard Time)"}}
{"level":"info","message":{"level":"info","requestBody":"{\"content\":\"love u\"}","requestURL":"POST /api/comments/2","timestamp":"Fri Nov 10 2023 08:56:41 GMT+0530 (India Standard Time)"}}
{"level":"info","message":{"level":"info","requestBody":"{\"content\":\"love u\"}","requestURL":"POST /api/comments/1","timestamp":"Fri Nov 10 2023 08:56:55 GMT+0530 (India Standard Time)"}}
{"level":"info","message":{"level":"info","requestBody":"","requestURL":"GET /api/posts/all","timestamp":"Fri Nov 10 2023 08:56:58 GMT+0530 (India Standard Time)"}}
{"level":"info","message":{"level":"info","requestBody":"{\"content\":\"love u\"}","requestURL":"POST /api/comments/2","timestamp":"Fri Nov 10 2023 08:59:15 GMT+0530 (India Standard Time)"}}
{"level":"info","message":{"level":"info","requestBody":"{\"content\":\"love u\"}","requestURL":"POST /api/comments/2","timestamp":"Fri Nov 10 2023 09:01:15 GMT+0530 (India Standard Time)"}}
{"level":"info","message":{"level":"info","requestBody":"{\"content\":\"love u\"}","requestURL":"POST /api/comments/2","timestamp":"Fri Nov 10 2023 09:03:13 GMT+0530 (India Standard Time)"}}
{"level":"info","message":{"level":"info","requestBody":"","requestURL":"GET /api/posts/all","timestamp":"Fri Nov 10 2023 09:07:26 GMT+0530 (India Standard Time)"}}
{"level":"info","message":{"level":"info","requestBody":"","requestURL":"GET /api/posts/all","timestamp":"Fri Nov 10 2023 09:49:45 GMT+0530 (India Standard Time)"}}
{"level":"info","message":{"level":"info","requestBody":"{}","requestURL":"POST /api/posts/","timestamp":"Fri Nov 10 2023 09:49:48 GMT+0530 (India Standard Time)"}}
{"level":"info","message":{"level":"info","requestBody":"{}","requestURL":"POST /api/posts/","timestamp":"Fri Nov 10 2023 09:49:58 GMT+0530 (India Standard Time)"}}
{"level":"info","message":{"level":"info","requestBody":"","requestURL":"GET /api/posts/all","timestamp":"Fri Nov 10 2023 09:50:04 GMT+0530 (India Standard Time)"}}
{"level":"info","message":{"level":"info","requestBody":"{\"content\":\"love u\"}","requestURL":"POST /api/comments/2","timestamp":"Fri Nov 10 2023 09:50:08 GMT+0530 (India Standard Time)"}}
{"level":"info","message":{"level":"info","requestBody":"{\"content\":\"love u\"}","requestURL":"POST /api/comments/2","timestamp":"Fri Nov 10 2023 09:50:15 GMT+0530 (India Standard Time)"}}
{"level":"info","message":{"level":"info","requestBody":"{\"content\":\"love u\"}","requestURL":"POST /api/comments/1","timestamp":"Fri Nov 10 2023 09:52:08 GMT+0530 (India Standard Time)"}}
{"level":"info","message":{"level":"info","requestBody":"","requestURL":"GET /api/posts/all","timestamp":"Fri Nov 10 2023 09:52:20 GMT+0530 (India Standard Time)"}}
{"level":"info","message":{"level":"info","requestBody":"{}","requestURL":"POST /api/posts/","timestamp":"Fri Nov 10 2023 09:52:46 GMT+0530 (India Standard Time)"}}
{"level":"info","message":{"level":"info","requestBody":"","requestURL":"GET /api/posts/all","timestamp":"Fri Nov 10 2023 09:52:50 GMT+0530 (India Standard Time)"}}
{"level":"info","message":{"level":"info","requestBody":"{\"content\":\"love u\"}","requestURL":"POST /api/comments/2","timestamp":"Fri Nov 10 2023 09:52:59 GMT+0530 (India Standard Time)"}}
{"level":"info","message":{"level":"info","requestBody":"","requestURL":"GET /api/posts/all","timestamp":"Fri Nov 10 2023 09:53:06 GMT+0530 (India Standard Time)"}}
{"level":"info","message":{"level":"info","requestBody":"{}","requestURL":"POST /api/posts/","timestamp":"Fri Nov 10 2023 09:54:04 GMT+0530 (India Standard Time)"}}
{"level":"info","message":{"level":"info","requestBody":"","requestURL":"GET /api/posts/all","timestamp":"Fri Nov 10 2023 09:54:10 GMT+0530 (India Standard Time)"}}
{"level":"info","message":{"level":"info","requestBody":"{\"content\":\"love u u\"}","requestURL":"POST /api/comments/1","timestamp":"Fri Nov 10 2023 09:54:27 GMT+0530 (India Standard Time)"}}
{"level":"info","message":{"level":"info","requestBody":"","requestURL":"GET /api/posts/all","timestamp":"Fri Nov 10 2023 09:54:50 GMT+0530 (India Standard Time)"}}
{"level":"info","message":{"level":"info","requestBody":"","requestURL":"DELETE /api/comments/1","timestamp":"Fri Nov 10 2023 09:58:13 GMT+0530 (India Standard Time)"}}
{"level":"info","message":{"level":"info","requestBody":"","requestURL":"GET /api/posts/all","timestamp":"Fri Nov 10 2023 09:58:23 GMT+0530 (India Standard Time)"}}
{"level":"info","message":{"level":"info","requestBody":"","requestURL":"DELETE /api/comments/3","timestamp":"Fri Nov 10 2023 09:58:36 GMT+0530 (India Standard Time)"}}
{"level":"info","message":{"level":"info","requestBody":"{}","requestURL":"POST /api/posts/","timestamp":"Fri Nov 10 2023 10:05:23 GMT+0530 (India Standard Time)"}}
{"level":"info","message":{"level":"info","requestBody":"","requestURL":"GET /api/posts/all","timestamp":"Fri Nov 10 2023 10:05:30 GMT+0530 (India Standard Time)"}}
{"level":"info","message":{"level":"info","requestBody":"{\"content\":\"love u u\"}","requestURL":"POST /api/comments/2","timestamp":"Fri Nov 10 2023 10:05:44 GMT+0530 (India Standard Time)"}}
{"level":"info","message":{"level":"info","requestBody":"","requestURL":"GET /api/posts/all","timestamp":"Fri Nov 10 2023 10:05:50 GMT+0530 (India Standard Time)"}}
{"level":"info","message":{"level":"info","requestBody":"{\"content\":\"love u u\"}","requestURL":"POST /api/comments/1","timestamp":"Fri Nov 10 2023 10:06:32 GMT+0530 (India Standard Time)"}}
{"level":"info","message":{"level":"info","requestBody":"","requestURL":"GET /api/posts/all","timestamp":"Fri Nov 10 2023 10:06:34 GMT+0530 (India Standard Time)"}}
{"level":"info","message":{"level":"info","requestBody":"","requestURL":"PUT /api/comments/1","timestamp":"Fri Nov 10 2023 10:08:00 GMT+0530 (India Standard Time)"}}
{"level":"info","message":{"level":"info","requestBody":"","requestURL":"GET /api/posts/all","timestamp":"Fri Nov 10 2023 10:09:51 GMT+0530 (India Standard Time)"}}
{"level":"info","message":{"level":"info","requestBody":"","requestURL":"GET /api/posts/all","timestamp":"Fri Nov 10 2023 10:10:20 GMT+0530 (India Standard Time)"}}
{"level":"info","message":{"level":"info","requestBody":"{\"content\":\"maza aa gya\"}","requestURL":"POST /api/comments/1","timestamp":"Fri Nov 10 2023 10:10:31 GMT+0530 (India Standard Time)"}}
{"level":"info","message":{"level":"info","requestBody":"","requestURL":"PUT /api/comments/1","timestamp":"Fri Nov 10 2023 10:10:38 GMT+0530 (India Standard Time)"}}
{"level":"info","message":{"level":"info","requestBody":"","requestURL":"GET /api/posts/all","timestamp":"Fri Nov 10 2023 10:10:43 GMT+0530 (India Standard Time)"}}
{"level":"info","message":{"level":"info","requestBody":"","requestURL":"PUT /api/comments/1","timestamp":"Fri Nov 10 2023 10:10:49 GMT+0530 (India Standard Time)"}}
{"level":"info","message":{"level":"info","requestBody":"","requestURL":"GET /api/posts/all","timestamp":"Fri Nov 10 2023 10:10:52 GMT+0530 (India Standard Time)"}}
{"level":"info","message":{"level":"info","requestBody":"","requestURL":"DELETE /api/comments/1","timestamp":"Fri Nov 10 2023 10:11:03 GMT+0530 (India Standard Time)"}}
{"level":"info","message":{"level":"info","requestBody":"","requestURL":"GET /api/posts/all","timestamp":"Fri Nov 10 2023 10:11:06 GMT+0530 (India Standard Time)"}}
{"level":"info","message":{"level":"info","requestBody":"","requestURL":"GET /api/posts/all","timestamp":"Fri Nov 10 2023 10:11:10 GMT+0530 (India Standard Time)"}}
{"level":"info","message":{"level":"info","requestBody":"","requestURL":"GET /api/posts/all","timestamp":"Fri Nov 10 2023 10:11:37 GMT+0530 (India Standard Time)"}}
{"level":"info","message":{"level":"info","requestBody":"","requestURL":"GET /api/comments/1","timestamp":"Fri Nov 10 2023 10:11:41 GMT+0530 (India Standard Time)"}}
{"level":"info","message":{"level":"info","requestBody":"","requestURL":"GET /api/posts/all","timestamp":"Fri Nov 10 2023 10:11:44 GMT+0530 (India Standard Time)"}}
{"level":"info","message":{"level":"info","requestBody":"{\"content\":\" m aa gya\"}","requestURL":"POST /api/comments/1","timestamp":"Fri Nov 10 2023 10:11:51 GMT+0530 (India Standard Time)"}}
{"level":"info","message":{"level":"info","requestBody":"","requestURL":"GET /api/posts/all","timestamp":"Fri Nov 10 2023 10:11:54 GMT+0530 (India Standard Time)"}}
{"level":"info","message":{"level":"info","requestBody":"","requestURL":"GET /api/comments/1","timestamp":"Fri Nov 10 2023 10:12:09 GMT+0530 (India Standard Time)"}}
{"level":"info","message":{"level":"info","requestBody":"","requestURL":"DELETE /api/comments/1","timestamp":"Fri Nov 10 2023 10:12:27 GMT+0530 (India Standard Time)"}}
{"level":"info","message":{"level":"info","requestBody":"","requestURL":"GET /api/posts/all","timestamp":"Fri Nov 10 2023 10:12:31 GMT+0530 (India Standard Time)"}}
{"level":"info","message":{"level":"info","requestBody":"","requestURL":"GET /api/posts/all","timestamp":"Fri Nov 10 2023 10:14:29 GMT+0530 (India Standard Time)"}}
{"level":"info","message":{"level":"info","requestBody":"","requestURL":"GET /api/posts/all","timestamp":"Fri Nov 10 2023 10:30:10 GMT+0530 (India Standard Time)"}}
{"level":"info","message":{"level":"info","requestBody":"{}","requestURL":"POST /api/posts/","timestamp":"Fri Nov 10 2023 10:30:14 GMT+0530 (India Standard Time)"}}
{"level":"info","message":{"level":"info","requestBody":"{}","requestURL":"POST /api/posts/","timestamp":"Fri Nov 10 2023 10:30:16 GMT+0530 (India Standard Time)"}}
{"level":"info","message":{"level":"info","requestBody":"","requestURL":"GET /api/posts/all","timestamp":"Fri Nov 10 2023 10:30:19 GMT+0530 (India Standard Time)"}}
{"level":"info","message":{"level":"info","requestBody":"{\"content\":\" m aa gya\"}","requestURL":"POST /api/comments/2","timestamp":"Fri Nov 10 2023 10:30:27 GMT+0530 (India Standard Time)"}}
{"level":"info","message":{"level":"info","requestBody":"","requestURL":"GET /api/posts/all","timestamp":"Fri Nov 10 2023 10:30:31 GMT+0530 (India Standard Time)"}}
{"level":"info","message":{"level":"info","requestBody":"","requestURL":"DELETE /api/comments/2","timestamp":"Fri Nov 10 2023 10:30:44 GMT+0530 (India Standard Time)"}}
{"level":"info","message":{"level":"info","requestBody":"","requestURL":"GET /api/posts/all","timestamp":"Fri Nov 10 2023 10:30:47 GMT+0530 (India Standard Time)"}}
{"level":"info","message":{"level":"info","requestBody":"{\"content\":\" m aa gya\"}","requestURL":"POST /api/comments/1","timestamp":"Fri Nov 10 2023 10:31:49 GMT+0530 (India Standard Time)"}}
{"level":"info","message":{"level":"info","requestBody":"","requestURL":"GET /api/posts/all","timestamp":"Fri Nov 10 2023 10:31:53 GMT+0530 (India Standard Time)"}}
{"level":"info","message":{"level":"info","requestBody":"","requestURL":"DELETE /api/comments/1","timestamp":"Fri Nov 10 2023 10:31:58 GMT+0530 (India Standard Time)"}}
{"level":"info","message":{"level":"info","requestBody":"","requestURL":"GET /api/posts/all","timestamp":"Fri Nov 10 2023 10:32:00 GMT+0530 (India Standard Time)"}}
{"level":"info","message":{"level":"info","requestBody":"","requestURL":"GET /api/comments/1","timestamp":"Fri Nov 10 2023 10:38:33 GMT+0530 (India Standard Time)"}}
{"level":"info","message":{"level":"info","requestBody":"{\"content\":\" m aa gya\"}","requestURL":"POST /api/comments/1","timestamp":"Fri Nov 10 2023 10:38:38 GMT+0530 (India Standard Time)"}}
{"level":"info","message":{"level":"info","requestBody":"","requestURL":"GET /api/posts/all","timestamp":"Fri Nov 10 2023 10:38:43 GMT+0530 (India Standard Time)"}}
{"level":"info","message":{"level":"info","requestBody":"","requestURL":"DELETE /api/comments/1","timestamp":"Fri Nov 10 2023 10:38:48 GMT+0530 (India Standard Time)"}}
{"level":"info","message":{"level":"info","requestBody":"","requestURL":"GET /api/posts/all","timestamp":"Fri Nov 10 2023 10:38:51 GMT+0530 (India Standard Time)"}}
{"level":"info","message":{"level":"info","requestBody":"{\"content\":\" m aa gya\"}","requestURL":"POST /api/comments/1","timestamp":"Fri Nov 10 2023 10:39:36 GMT+0530 (India Standard Time)"}}
{"level":"info","message":{"level":"info","requestBody":"","requestURL":"GET /api/posts/all","timestamp":"Fri Nov 10 2023 10:39:40 GMT+0530 (India Standard Time)"}}
{"level":"info","message":{"level":"info","requestBody":"","requestURL":"DELETE /api/comments/1","timestamp":"Fri Nov 10 2023 10:39:45 GMT+0530 (India Standard Time)"}}
{"level":"info","message":{"level":"info","requestBody":"{\"content\":\" m aa gya\"}","requestURL":"POST /api/comments/1","timestamp":"Fri Nov 10 2023 10:40:21 GMT+0530 (India Standard Time)"}}
{"level":"info","message":{"level":"info","requestBody":"","requestURL":"GET /api/posts/all","timestamp":"Fri Nov 10 2023 10:40:24 GMT+0530 (India Standard Time)"}}
{"level":"info","message":{"level":"info","requestBody":"","requestURL":"DELETE /api/comments/1","timestamp":"Fri Nov 10 2023 10:40:28 GMT+0530 (India Standard Time)"}}
{"level":"info","message":{"level":"info","requestBody":"{\"content\":\" m aa gya\"}","requestURL":"POST /api/comments/1","timestamp":"Fri Nov 10 2023 10:42:49 GMT+0530 (India Standard Time)"}}
{"level":"info","message":{"level":"info","requestBody":"","requestURL":"DELETE /api/comments/1","timestamp":"Fri Nov 10 2023 10:42:53 GMT+0530 (India Standard Time)"}}
{"level":"info","message":{"level":"info","requestBody":"","requestURL":"GET /api/posts/all","timestamp":"Fri Nov 10 2023 10:43:05 GMT+0530 (India Standard Time)"}}
{"level":"info","message":{"level":"info","requestBody":"{\"content\":\" m aa gya\"}","requestURL":"POST /api/comments/1","timestamp":"Fri Nov 10 2023 10:43:10 GMT+0530 (India Standard Time)"}}
{"level":"info","message":{"level":"info","requestBody":"","requestURL":"GET /api/posts/all","timestamp":"Fri Nov 10 2023 10:43:14 GMT+0530 (India Standard Time)"}}
{"level":"info","message":{"level":"info","requestBody":"","requestURL":"DELETE /api/comments/1","timestamp":"Fri Nov 10 2023 10:43:19 GMT+0530 (India Standard Time)"}}
{"level":"info","message":{"level":"info","requestBody":"{\"content\":\" m aa gya\"}","requestURL":"POST /api/comments/1","timestamp":"Fri Nov 10 2023 11:17:41 GMT+0530 (India Standard Time)"}}
{"level":"info","message":{"level":"info","requestBody":"{\"content\":\" m aa gya\"}","requestURL":"POST /api/comments/1","timestamp":"Fri Nov 10 2023 11:17:54 GMT+0530 (India Standard Time)"}}
{"level":"info","message":{"level":"info","requestBody":"","requestURL":"GET /api/comments/1","timestamp":"Fri Nov 10 2023 11:18:00 GMT+0530 (India Standard Time)"}}
{"level":"info","message":{"level":"info","requestBody":"","requestURL":"DELETE /api/comments/1","timestamp":"Fri Nov 10 2023 11:18:04 GMT+0530 (India Standard Time)"}}
{"level":"info","message":{"level":"info","requestBody":"","requestURL":"GET /api/posts/all","timestamp":"Fri Nov 10 2023 11:18:08 GMT+0530 (India Standard Time)"}}
{"level":"info","message":{"level":"info","requestBody":"","requestURL":"GET /api/posts/all","timestamp":"Fri Nov 10 2023 11:19:11 GMT+0530 (India Standard Time)"}}
{"level":"info","message":{"level":"info","requestBody":"{}","requestURL":"POST /api/posts/","timestamp":"Fri Nov 10 2023 11:19:18 GMT+0530 (India Standard Time)"}}
{"level":"info","message":{"level":"info","requestBody":"{}","requestURL":"POST /api/posts/","timestamp":"Fri Nov 10 2023 11:19:28 GMT+0530 (India Standard Time)"}}
{"level":"info","message":{"level":"info","requestBody":"{}","requestURL":"POST /api/posts/","timestamp":"Fri Nov 10 2023 11:19:39 GMT+0530 (India Standard Time)"}}
{"level":"info","message":{"level":"info","requestBody":"{}","requestURL":"POST /api/posts/","timestamp":"Fri Nov 10 2023 11:19:48 GMT+0530 (India Standard Time)"}}
{"level":"info","message":{"level":"info","requestBody":"","requestURL":"GET /api/posts/all","timestamp":"Fri Nov 10 2023 11:19:51 GMT+0530 (India Standard Time)"}}
{"level":"info","message":{"level":"info","requestBody":"","requestURL":"DELETE /api/comments/2","timestamp":"Fri Nov 10 2023 11:20:14 GMT+0530 (India Standard Time)"}}
{"level":"info","message":{"level":"info","requestBody":"{\"content\":\"wow\"}","requestURL":"POST /api/comments/2","timestamp":"Fri Nov 10 2023 11:20:20 GMT+0530 (India Standard Time)"}}
{"level":"info","message":{"level":"info","requestBody":"{\"content\":\"looing good\"}","requestURL":"POST /api/comments/2","timestamp":"Fri Nov 10 2023 11:20:28 GMT+0530 (India Standard Time)"}}
{"level":"info","message":{"level":"info","requestBody":"{\"content\":\"nice\"}","requestURL":"POST /api/comments/2","timestamp":"Fri Nov 10 2023 11:20:34 GMT+0530 (India Standard Time)"}}
{"level":"info","message":{"level":"info","requestBody":"","requestURL":"GET /api/posts/all","timestamp":"Fri Nov 10 2023 11:20:37 GMT+0530 (India Standard Time)"}}
{"level":"info","message":{"level":"info","requestBody":"","requestURL":"DELETE /api/comments/1","timestamp":"Fri Nov 10 2023 11:21:12 GMT+0530 (India Standard Time)"}}
{"level":"info","message":{"level":"info","requestBody":"","requestURL":"DELETE /api/comments/2","timestamp":"Fri Nov 10 2023 11:21:40 GMT+0530 (India Standard Time)"}}
{"level":"info","message":{"level":"info","requestBody":"","requestURL":"GET /api/posts/all","timestamp":"Fri Nov 10 2023 11:21:44 GMT+0530 (India Standard Time)"}}
{"level":"info","message":{"level":"info","requestBody":"","requestURL":"GET /api/like/1","timestamp":"Fri Nov 10 2023 12:04:46 GMT+0530 (India Standard Time)"}}
{"level":"info","message":{"level":"info","requestBody":"","requestURL":"GET /api/likes/1","timestamp":"Fri Nov 10 2023 12:04:57 GMT+0530 (India Standard Time)"}}
{"level":"info","message":{"level":"info","requestBody":"","requestURL":"GET /api/likes/1","timestamp":"Fri Nov 10 2023 12:05:08 GMT+0530 (India Standard Time)"}}
{"level":"info","message":{"level":"info","requestBody":"","requestURL":"GET /api/likes/2","timestamp":"Fri Nov 10 2023 12:05:14 GMT+0530 (India Standard Time)"}}
{"level":"info","message":{"level":"info","requestBody":"","requestURL":"GET /api/likes/toggle/2","timestamp":"Fri Nov 10 2023 12:05:29 GMT+0530 (India Standard Time)"}}
{"level":"info","message":{"level":"info","requestBody":"","requestURL":"GET /api/likes/toggle/1","timestamp":"Fri Nov 10 2023 12:05:35 GMT+0530 (India Standard Time)"}}
{"level":"info","message":{"level":"info","requestBody":"","requestURL":"GET /api/likes/toggle/3","timestamp":"Fri Nov 10 2023 12:06:16 GMT+0530 (India Standard Time)"}}
{"level":"info","message":{"level":"info","requestBody":"","requestURL":"GET /api/likes/toggle/1","timestamp":"Fri Nov 10 2023 12:06:22 GMT+0530 (India Standard Time)"}}
{"level":"info","message":{"level":"info","requestBody":"","requestURL":"GET /api/likes/toggle/2","timestamp":"Fri Nov 10 2023 12:06:28 GMT+0530 (India Standard Time)"}}
{"level":"info","message":{"level":"info","requestBody":"","requestURL":"GET /api/likes/toggle/1","timestamp":"Fri Nov 10 2023 12:06:31 GMT+0530 (India Standard Time)"}}
{"level":"info","message":{"level":"info","requestBody":"","requestURL":"GET /api/likes/toggle/1","timestamp":"Fri Nov 10 2023 12:06:33 GMT+0530 (India Standard Time)"}}
{"level":"info","message":{"level":"info","requestBody":"","requestURL":"GET /api/likes/toggle/1","timestamp":"Fri Nov 10 2023 12:06:35 GMT+0530 (India Standard Time)"}}
{"level":"info","message":{"level":"info","requestBody":"","requestURL":"GET /api/likes/toggle/2","timestamp":"Fri Nov 10 2023 12:06:43 GMT+0530 (India Standard Time)"}}
{"level":"info","message":{"level":"info","requestBody":"","requestURL":"GET /api/likes/toggle/2","timestamp":"Fri Nov 10 2023 12:06:44 GMT+0530 (India Standard Time)"}}
{"level":"info","message":{"level":"info","requestBody":"","requestURL":"GET /api/likes/toggle/2","timestamp":"Fri Nov 10 2023 12:06:45 GMT+0530 (India Standard Time)"}}
{"level":"info","message":{"level":"info","requestBody":"{\"likescount\":\"1\"}","requestURL":"POST /api/likes/1","timestamp":"Fri Nov 10 2023 12:24:21 GMT+0530 (India Standard Time)"}}
{"level":"info","message":{"level":"info","requestBody":"{\"likescount\":\"1\"}","requestURL":"POST /api/likes/1","timestamp":"Fri Nov 10 2023 12:25:07 GMT+0530 (India Standard Time)"}}
{"level":"info","message":{"level":"info","requestBody":"{\"likescount\":\"1\"}","requestURL":"POST /api/likes/1","timestamp":"Fri Nov 10 2023 12:25:16 GMT+0530 (India Standard Time)"}}
{"level":"info","message":{"level":"info","requestBody":"","requestURL":"GET /api/likes/toggle/2","timestamp":"Fri Nov 10 2023 12:25:29 GMT+0530 (India Standard Time)"}}
{"level":"info","message":{"level":"info","requestBody":"","requestURL":"GET /api/likes/toggle/1","timestamp":"Fri Nov 10 2023 12:25:39 GMT+0530 (India Standard Time)"}}
{"level":"info","message":{"level":"info","requestBody":"","requestURL":"GET /api/likes/toggle/1","timestamp":"Fri Nov 10 2023 12:28:00 GMT+0530 (India Standard Time)"}}
{"level":"info","message":{"level":"info","requestBody":"{\"likescount\":\"1\"}","requestURL":"POST /api/likes/1","timestamp":"Fri Nov 10 2023 12:28:12 GMT+0530 (India Standard Time)"}}
{"level":"info","message":{"level":"info","requestBody":"{}","requestURL":"POST /api/posts/","timestamp":"Fri Nov 10 2023 12:28:17 GMT+0530 (India Standard Time)"}}
{"level":"info","message":{"level":"info","requestBody":"{}","requestURL":"POST /api/posts/","timestamp":"Fri Nov 10 2023 12:28:28 GMT+0530 (India Standard Time)"}}
{"level":"info","message":{"level":"info","requestBody":"","requestURL":"GET /api/likes/toggle/1","timestamp":"Fri Nov 10 2023 12:28:37 GMT+0530 (India Standard Time)"}}
{"level":"info","message":{"level":"info","requestBody":"{}","requestURL":"POST /api/posts/","timestamp":"Fri Nov 10 2023 12:34:33 GMT+0530 (India Standard Time)"}}
{"level":"info","message":{"level":"info","requestBody":"{\"likescount\":\"1\"}","requestURL":"POST /api/likes/1","timestamp":"Fri Nov 10 2023 12:34:37 GMT+0530 (India Standard Time)"}}
{"level":"info","message":{"level":"info","requestBody":"","requestURL":"GET /api/posts/all","timestamp":"Fri Nov 10 2023 12:35:11 GMT+0530 (India Standard Time)"}}
{"level":"info","message":{"level":"info","requestBody":"","requestURL":"GET /api/posts/all","timestamp":"Fri Nov 10 2023 12:36:01 GMT+0530 (India Standard Time)"}}
{"level":"info","message":{"level":"info","requestBody":"{\"likescount\":\"1\"}","requestURL":"POST /api/likes/1","timestamp":"Fri Nov 10 2023 12:36:07 GMT+0530 (India Standard Time)"}}
{"level":"info","message":{"level":"info","requestBody":"","requestURL":"GET /api/posts/all","timestamp":"Fri Nov 10 2023 12:37:19 GMT+0530 (India Standard Time)"}}
{"level":"info","message":{"level":"info","requestBody":"","requestURL":"GET /api/posts/all","timestamp":"Fri Nov 10 2023 12:39:21 GMT+0530 (India Standard Time)"}}
{"level":"info","message":{"level":"info","requestBody":"{\"likescount\":\"1\"}","requestURL":"POST /api/likes/1","timestamp":"Fri Nov 10 2023 12:39:25 GMT+0530 (India Standard Time)"}}
{"level":"info","message":{"level":"info","requestBody":"{\"likescount\":\"1\"}","requestURL":"POST /api/likes/1","timestamp":"Fri Nov 10 2023 12:43:37 GMT+0530 (India Standard Time)"}}
{"level":"info","message":{"level":"info","requestBody":"{\"likescount\":\"1\"}","requestURL":"POST /api/likes/2","timestamp":"Fri Nov 10 2023 12:44:27 GMT+0530 (India Standard Time)"}}
{"level":"info","message":{"level":"info","requestBody":"{\"likescount\":\"1\"}","requestURL":"POST /api/likes/1","timestamp":"Fri Nov 10 2023 12:44:34 GMT+0530 (India Standard Time)"}}
{"level":"info","message":{"level":"info","requestBody":"{\"likescount\":\"1\"}","requestURL":"POST /api/likes/1","timestamp":"Fri Nov 10 2023 12:45:25 GMT+0530 (India Standard Time)"}}
{"level":"info","message":{"level":"info","requestBody":"","requestURL":"GET /api/likes/toggle/1","timestamp":"Fri Nov 10 2023 12:45:36 GMT+0530 (India Standard Time)"}}
{"level":"info","message":{"level":"info","requestBody":"{}","requestURL":"POST /api/likes/1","timestamp":"Fri Nov 10 2023 12:45:53 GMT+0530 (India Standard Time)"}}
{"level":"info","message":{"level":"info","requestBody":"{\"likescount\":\"1\"}","requestURL":"POST /api/likes/1","timestamp":"Fri Nov 10 2023 12:46:08 GMT+0530 (India Standard Time)"}}
{"level":"info","message":{"level":"info","requestBody":"{\"likescount\":\"1\"}","requestURL":"POST /api/likes/1","timestamp":"Fri Nov 10 2023 12:47:06 GMT+0530 (India Standard Time)"}}
{"level":"info","message":{"level":"info","requestBody":"","requestURL":"GET /api/posts/all","timestamp":"Fri Nov 10 2023 12:47:30 GMT+0530 (India Standard Time)"}}
{"level":"info","message":{"level":"info","requestBody":"{\"likescount\":\"1\"}","requestURL":"POST /api/likes/2","timestamp":"Fri Nov 10 2023 12:47:42 GMT+0530 (India Standard Time)"}}
{"level":"info","message":{"level":"info","requestBody":"","requestURL":"GET /api/likes/toggle/1","timestamp":"Fri Nov 10 2023 12:47:47 GMT+0530 (India Standard Time)"}}
{"level":"info","message":{"level":"info","requestBody":"","requestURL":"GET /api/likes/toggle/1","timestamp":"Fri Nov 10 2023 12:47:50 GMT+0530 (India Standard Time)"}}
{"level":"info","message":{"level":"info","requestBody":"{}","requestURL":"POST /api/posts/","timestamp":"Fri Nov 10 2023 12:47:55 GMT+0530 (India Standard Time)"}}
{"level":"info","message":{"level":"info","requestBody":"","requestURL":"GET /api/posts/all","timestamp":"Fri Nov 10 2023 12:47:57 GMT+0530 (India Standard Time)"}}
{"level":"info","message":{"level":"info","requestBody":"{\"likescount\":\"1\"}","requestURL":"POST /api/likes/1","timestamp":"Fri Nov 10 2023 12:50:03 GMT+0530 (India Standard Time)"}}
{"level":"info","message":{"level":"info","requestBody":"","requestURL":"GET /api/posts/all","timestamp":"Fri Nov 10 2023 12:50:27 GMT+0530 (India Standard Time)"}}
{"level":"info","message":{"level":"info","requestBody":"","requestURL":"GET /api/likes/toggle/1","timestamp":"Fri Nov 10 2023 12:50:39 GMT+0530 (India Standard Time)"}}
{"level":"info","message":{"level":"info","requestBody":"","requestURL":"GET /api/likes/toggle/1","timestamp":"Fri Nov 10 2023 12:50:45 GMT+0530 (India Standard Time)"}}
{"level":"info","message":{"level":"info","requestBody":"{\"likescount\":\"1\"}","requestURL":"POST /api/likes/2","timestamp":"Fri Nov 10 2023 12:51:03 GMT+0530 (India Standard Time)"}}
{"level":"info","message":{"level":"info","requestBody":"{}","requestURL":"POST /api/posts/","timestamp":"Fri Nov 10 2023 12:51:12 GMT+0530 (India Standard Time)"}}
{"level":"info","message":{"level":"info","requestBody":"","requestURL":"GET /api/posts/all","timestamp":"Fri Nov 10 2023 12:51:14 GMT+0530 (India Standard Time)"}}
{"level":"info","message":{"level":"info","requestBody":"","requestURL":"GET /api/likes/toggle/1","timestamp":"Fri Nov 10 2023 12:51:23 GMT+0530 (India Standard Time)"}}
{"level":"info","message":{"level":"info","requestBody":"","requestURL":"GET /api/likes/toggle/1","timestamp":"Fri Nov 10 2023 12:51:24 GMT+0530 (India Standard Time)"}}
{"level":"info","message":{"level":"info","requestBody":"","requestURL":"GET /api/likes/toggle/1","timestamp":"Fri Nov 10 2023 12:51:28 GMT+0530 (India Standard Time)"}}
{"level":"info","message":{"level":"info","requestBody":"","requestURL":"GET /api/likes/toggle/1","timestamp":"Fri Nov 10 2023 12:51:29 GMT+0530 (India Standard Time)"}}
{"level":"info","message":{"level":"info","requestBody":"","requestURL":"GET /api/likes/toggle/1","timestamp":"Fri Nov 10 2023 12:51:31 GMT+0530 (India Standard Time)"}}
{"level":"info","message":{"level":"info","requestBody":"","requestURL":"GET /api/likes/toggle/1","timestamp":"Fri Nov 10 2023 12:51:32 GMT+0530 (India Standard Time)"}}
{"level":"info","message":{"level":"info","requestBody":"","requestURL":"GET /api/likes/toggle/2","timestamp":"Fri Nov 10 2023 12:51:36 GMT+0530 (India Standard Time)"}}
{"level":"info","message":{"level":"info","requestBody":"","requestURL":"GET /api/likes/toggle/2","timestamp":"Fri Nov 10 2023 12:51:37 GMT+0530 (India Standard Time)"}}
{"level":"info","message":{"level":"info","requestBody":"","requestURL":"GET /api/likes/toggle/2","timestamp":"Fri Nov 10 2023 12:51:40 GMT+0530 (India Standard Time)"}}
{"level":"info","message":{"level":"info","requestBody":"","requestURL":"GET /api/likes/toggle/2","timestamp":"Fri Nov 10 2023 12:51:41 GMT+0530 (India Standard Time)"}}
{"level":"info","message":{"level":"info","requestBody":"","requestURL":"GET /api/likes/toggle/3","timestamp":"Fri Nov 10 2023 12:51:45 GMT+0530 (India Standard Time)"}}
{"level":"info","message":{"level":"info","requestBody":"","requestURL":"GET /api/likes/toggle/4","timestamp":"Fri Nov 10 2023 12:51:50 GMT+0530 (India Standard Time)"}}
{"level":"info","message":{"level":"info","requestBody":"","requestURL":"GET /api/likes/toggle/1","timestamp":"Fri Nov 10 2023 12:51:57 GMT+0530 (India Standard Time)"}}
{"level":"info","message":{"level":"info","requestBody":"","requestURL":"GET /api/likes/toggle/1","timestamp":"Fri Nov 10 2023 12:51:58 GMT+0530 (India Standard Time)"}}
{"level":"info","message":{"level":"info","requestBody":"","requestURL":"GET /api/posts/all","timestamp":"Fri Nov 10 2023 12:52:29 GMT+0530 (India Standard Time)"}}
{"level":"info","message":{"level":"info","requestBody":"{\"likescount\":\"5\"}","requestURL":"POST /api/likes/2","timestamp":"Fri Nov 10 2023 12:52:41 GMT+0530 (India Standard Time)"}}
{"level":"info","message":{"level":"info","requestBody":"","requestURL":"GET /api/posts/all","timestamp":"Fri Nov 10 2023 12:52:57 GMT+0530 (India Standard Time)"}}
{"level":"info","message":{"level":"info","requestBody":"{\"likescount\":\"5\"}","requestURL":"POST /api/likes/2","timestamp":"Fri Nov 10 2023 13:34:20 GMT+0530 (India Standard Time)"}}
{"level":"info","message":{"level":"info","requestBody":"{\"likescount\":\"5\"}","requestURL":"POST /api/likes/2","timestamp":"Fri Nov 10 2023 13:34:32 GMT+0530 (India Standard Time)"}}
{"level":"info","message":{"level":"info","requestBody":"{\"likescount\":\"5\"}","requestURL":"POST /api/likes/1","timestamp":"Fri Nov 10 2023 13:34:38 GMT+0530 (India Standard Time)"}}
{"level":"info","message":{"level":"info","requestBody":"","requestURL":"GET /api/posts/all","timestamp":"Fri Nov 10 2023 13:34:47 GMT+0530 (India Standard Time)"}}
{"level":"info","message":{"level":"info","requestBody":"","requestURL":"DELETE /api/likes/1","timestamp":"Fri Nov 10 2023 13:34:57 GMT+0530 (India Standard Time)"}}
{"level":"info","message":{"level":"info","requestBody":"","requestURL":"GET /api/posts/all","timestamp":"Fri Nov 10 2023 13:35:04 GMT+0530 (India Standard Time)"}}
{"level":"info","message":{"level":"info","requestBody":"{\"likescount\":\"5\"}","requestURL":"POST /api/likes/1","timestamp":"Fri Nov 10 2023 13:39:26 GMT+0530 (India Standard Time)"}}
{"level":"info","message":{"level":"info","requestBody":"","requestURL":"DELETE /api/likes/1","timestamp":"Fri Nov 10 2023 13:39:30 GMT+0530 (India Standard Time)"}}
{"level":"info","message":{"level":"info","requestBody":"","requestURL":"GET /api/posts/all","timestamp":"Fri Nov 10 2023 13:39:34 GMT+0530 (India Standard Time)"}}
{"level":"info","message":{"level":"info","requestBody":"","requestURL":"GET /api/likes/toggle/1","timestamp":"Fri Nov 10 2023 13:39:46 GMT+0530 (India Standard Time)"}}
{"level":"info","message":{"level":"info","requestBody":"{\"likescount\":\"5\"}","requestURL":"POST /api/likes/1","timestamp":"Fri Nov 10 2023 17:13:37 GMT+0530 (India Standard Time)"}}
{"level":"info","message":{"level":"info","requestBody":"{\"likescount\":\"5\"}","requestURL":"POST /api/likes/1","timestamp":"Fri Nov 10 2023 17:13:45 GMT+0530 (India Standard Time)"}}
{"level":"info","message":{"level":"info","requestBody":"","requestURL":"GET /api/posts/all","timestamp":"Fri Nov 10 2023 17:13:52 GMT+0530 (India Standard Time)"}}
{"level":"info","message":{"level":"info","requestBody":"","requestURL":"DELETE /api/likes/1","timestamp":"Fri Nov 10 2023 17:14:04 GMT+0530 (India Standard Time)"}}
{"level":"info","message":{"level":"info","requestBody":"","requestURL":"GET /api/posts/all","timestamp":"Fri Nov 10 2023 17:14:09 GMT+0530 (India Standard Time)"}}
{"level":"info","message":{"level":"info","requestBody":"{}","requestURL":"POST /api/posts/","timestamp":"Fri Nov 10 2023 17:31:22 GMT+0530 (India Standard Time)"}}
{"level":"info","message":{"level":"info","requestBody":"{}","requestURL":"POST /api/posts/","timestamp":"Fri Nov 10 2023 17:31:31 GMT+0530 (India Standard Time)"}}
{"level":"info","message":{"level":"info","requestBody":"{}","requestURL":"POST /api/posts/all","timestamp":"Fri Nov 10 2023 17:31:38 GMT+0530 (India Standard Time)"}}
{"level":"info","message":{"level":"info","requestBody":"{}","requestURL":"POST /api/posts/","timestamp":"Fri Nov 10 2023 17:31:55 GMT+0530 (India Standard Time)"}}
{"level":"info","message":{"level":"info","requestBody":"","requestURL":"GET /api/posts/all","timestamp":"Fri Nov 10 2023 17:32:00 GMT+0530 (India Standard Time)"}}
{"level":"info","message":{"level":"info","requestBody":"{}","requestURL":"POST /api/posts/","timestamp":"Fri Nov 10 2023 17:32:14 GMT+0530 (India Standard Time)"}}
{"level":"info","message":{"level":"info","requestBody":"{}","requestURL":"POST /api/posts/","timestamp":"Fri Nov 10 2023 17:32:19 GMT+0530 (India Standard Time)"}}
{"level":"info","message":{"level":"info","requestBody":"{}","requestURL":"POST /api/posts/","timestamp":"Fri Nov 10 2023 17:32:26 GMT+0530 (India Standard Time)"}}
{"level":"info","message":{"level":"info","requestBody":"{}","requestURL":"POST /api/posts/","timestamp":"Fri Nov 10 2023 17:32:38 GMT+0530 (India Standard Time)"}}
{"level":"info","message":{"level":"info","requestBody":"{}","requestURL":"POST /api/posts/","timestamp":"Fri Nov 10 2023 17:32:47 GMT+0530 (India Standard Time)"}}
{"level":"info","message":{"level":"info","requestBody":"{}","requestURL":"POST /api/posts/","timestamp":"Fri Nov 10 2023 17:32:52 GMT+0530 (India Standard Time)"}}
{"level":"info","message":{"level":"info","requestBody":"","requestURL":"GET /api/posts/all","timestamp":"Fri Nov 10 2023 17:32:55 GMT+0530 (India Standard Time)"}}
{"level":"info","message":{"level":"info","requestBody":"{}","requestURL":"POST /api/posts/","timestamp":"Fri Nov 10 2023 17:33:05 GMT+0530 (India Standard Time)"}}
{"level":"info","message":{"level":"info","requestBody":"{}","requestURL":"POST /api/posts/","timestamp":"Fri Nov 10 2023 17:33:08 GMT+0530 (India Standard Time)"}}
{"level":"info","message":{"level":"info","requestBody":"{}","requestURL":"POST /api/posts/","timestamp":"Fri Nov 10 2023 17:33:13 GMT+0530 (India Standard Time)"}}
{"level":"info","message":{"level":"info","requestBody":"{}","requestURL":"POST /api/posts/","timestamp":"Fri Nov 10 2023 17:33:18 GMT+0530 (India Standard Time)"}}
{"level":"info","message":{"level":"info","requestBody":"{}","requestURL":"POST /api/posts/","timestamp":"Fri Nov 10 2023 17:33:22 GMT+0530 (India Standard Time)"}}
{"level":"info","message":{"level":"info","requestBody":"","requestURL":"GET /api/posts//filter?caption=john","timestamp":"Fri Nov 10 2023 17:34:01 GMT+0530 (India Standard Time)"}}
{"level":"info","message":{"level":"info","requestBody":"","requestURL":"GET /api/posts//filter?caption=john","timestamp":"Fri Nov 10 2023 17:34:28 GMT+0530 (India Standard Time)"}}
{"level":"info","message":{"level":"info","requestBody":"","requestURL":"GET /api/posts//filter?caption=cena","timestamp":"Fri Nov 10 2023 17:34:39 GMT+0530 (India Standard Time)"}}
{"level":"info","message":{"level":"info","requestBody":"{}","requestURL":"POST /api/posts/draft","timestamp":"Fri Nov 10 2023 17:36:24 GMT+0530 (India Standard Time)"}}
{"level":"info","message":{"level":"info","requestBody":"","requestURL":"PUT /api/posts/archive/2","timestamp":"Fri Nov 10 2023 17:37:21 GMT+0530 (India Standard Time)"}}
{"level":"info","message":{"level":"info","requestBody":"","requestURL":"GET /api/posts/all","timestamp":"Fri Nov 10 2023 17:37:30 GMT+0530 (India Standard Time)"}}
{"level":"info","message":{"level":"info","requestBody":"{\"likescount\":\"5\"}","requestURL":"POST /api/likes/1","timestamp":"Fri Nov 10 2023 17:38:14 GMT+0530 (India Standard Time)"}}
{"level":"info","message":{"level":"info","requestBody":"{\"likescount\":\"5\"}","requestURL":"POST /api/likes/3","timestamp":"Fri Nov 10 2023 17:38:27 GMT+0530 (India Standard Time)"}}
{"level":"info","message":{"level":"info","requestBody":"{\"likescount\":\"1\"}","requestURL":"POST /api/likes/8","timestamp":"Fri Nov 10 2023 17:38:36 GMT+0530 (India Standard Time)"}}
{"level":"info","message":{"level":"info","requestBody":"","requestURL":"GET /api/posts/sort","timestamp":"Fri Nov 10 2023 17:39:01 GMT+0530 (India Standard Time)"}}
{"level":"info","message":{"level":"info","requestBody":"{\"query\":\"\\n    query IntrospectionQuery {\\n      __schema {\\n        \\n        queryType { name }\\n        mutationType { name }\\n        subscriptionType { name }\\n        types {\\n          ...FullType\\n        }\\n        directives {\\n          name\\n          description\\n          \\n          locations\\n          args {\\n            ...InputValue\\n          }\\n        }\\n      }\\n    }\\n\\n    fragment FullType on __Type {\\n      kind\\n      name\\n      description\\n      \\n      fields(includeDeprecated: true) {\\n        name\\n        description\\n        args {\\n          ...InputValue\\n        }\\n        type {\\n          ...TypeRef\\n        }\\n        isDeprecated\\n        deprecationReason\\n      }\\n      inputFields {\\n        ...InputValue\\n      }\\n      interfaces {\\n        ...TypeRef\\n      }\\n      enumValues(includeDeprecated: true) {\\n        name\\n        description\\n        isDeprecated\\n        deprecationReason\\n      }\\n      possibleTypes {\\n        ...TypeRef\\n      }\\n    }\\n\\n    fragment InputValue on __InputValue {\\n      name\\n      description\\n      type { ...TypeRef }\\n      defaultValue\\n      \\n      \\n    }\\n\\n    fragment TypeRef on __Type {\\n      kind\\n      name\\n      ofType {\\n        kind\\n        name\\n        ofType {\\n          kind\\n          name\\n          ofType {\\n            kind\\n            name\\n            ofType {\\n              kind\\n              name\\n              ofType {\\n                kind\\n                name\\n                ofType {\\n                  kind\\n                  name\\n                  ofType {\\n                    kind\\n                    name\\n                  }\\n                }\\n              }\\n            }\\n          }\\n        }\\n      }\\n    }\\n  \"}","requestURL":"POST /api/comments/2","timestamp":"Fri Nov 10 2023 17:39:27 GMT+0530 (India Standard Time)"}}
{"level":"info","message":{"level":"info","requestBody":"{\"content\":\"hi\"}","requestURL":"POST /api/comments/2","timestamp":"Fri Nov 10 2023 17:40:04 GMT+0530 (India Standard Time)"}}
{"level":"info","message":{"level":"info","requestBody":"{\"content\":\"hi b\"}","requestURL":"POST /api/comments/5","timestamp":"Fri Nov 10 2023 17:40:15 GMT+0530 (India Standard Time)"}}
{"level":"info","message":{"level":"info","requestBody":"{\"content\":\"hi boo\"}","requestURL":"POST /api/comments/7","timestamp":"Fri Nov 10 2023 17:40:21 GMT+0530 (India Standard Time)"}}
{"level":"info","message":{"level":"info","requestBody":"","requestURL":"GET /api/posts/all","timestamp":"Fri Nov 10 2023 17:40:23 GMT+0530 (India Standard Time)"}}
{"level":"info","message":{"level":"info","requestBody":"","requestURL":"GET /api/posts/sort","timestamp":"Fri Nov 10 2023 17:40:33 GMT+0530 (India Standard Time)"}}
{"level":"info","message":{"level":"info","requestBody":"","requestURL":"PUT /api/posts/bookmark/3","timestamp":"Fri Nov 10 2023 17:41:15 GMT+0530 (India Standard Time)"}}
{"level":"info","message":{"level":"info","requestBody":"","requestURL":"PUT /api/posts/bookmark/3","timestamp":"Fri Nov 10 2023 17:41:43 GMT+0530 (India Standard Time)"}}
{"level":"info","message":{"level":"info","requestBody":"","requestURL":"GET /api/posts/paginate?page=1&pageSize=1","timestamp":"Fri Nov 10 2023 17:42:16 GMT+0530 (India Standard Time)"}}
{"level":"info","message":{"level":"info","requestBody":"","requestURL":"GET /api/posts/paginate?page=1&pageSize=2","timestamp":"Fri Nov 10 2023 17:42:27 GMT+0530 (India Standard Time)"}}
{"level":"info","message":{"level":"info","requestBody":"","requestURL":"GET /api/posts/paginate?page=2&pageSize=10","timestamp":"Fri Nov 10 2023 17:42:45 GMT+0530 (India Standard Time)"}}
{"level":"info","message":{"level":"info","requestBody":"","requestURL":"GET /api/posts/paginate?page=1&pageSize=10","timestamp":"Fri Nov 10 2023 17:42:52 GMT+0530 (India Standard Time)"}}
{"level":"info","message":{"level":"info","requestBody":"","requestURL":"GET /api/posts/paginate?page=1&pageSize=10","timestamp":"Fri Nov 10 2023 18:08:44 GMT+0530 (India Standard Time)"}}
{"level":"info","message":{"level":"info","requestBody":"{}","requestURL":"POST /api/posts/","timestamp":"Fri Nov 10 2023 18:14:00 GMT+0530 (India Standard Time)"}}
{"level":"info","message":{"level":"info","requestBody":"{}","requestURL":"POST /api/posts/","timestamp":"Fri Nov 10 2023 18:14:07 GMT+0530 (India Standard Time)"}}
{"level":"info","message":{"level":"info","requestBody":"{}","requestURL":"POST /api/posts/","timestamp":"Fri Nov 10 2023 18:14:12 GMT+0530 (India Standard Time)"}}
{"level":"info","message":{"level":"info","requestBody":"{\"content\":\"hi boo\"}","requestURL":"POST /api/comments/2","timestamp":"Fri Nov 10 2023 18:15:35 GMT+0530 (India Standard Time)"}}
{"level":"info","message":{"level":"info","requestBody":"{\"content\":\"hi boo\"}","requestURL":"POST /api/comments/1","timestamp":"Fri Nov 10 2023 18:15:38 GMT+0530 (India Standard Time)"}}
{"level":"info","message":{"level":"info","requestBody":"{\"content\":\"hi boo\"}","requestURL":"POST /api/comments/1","timestamp":"Fri Nov 10 2023 18:15:39 GMT+0530 (India Standard Time)"}}
{"level":"info","message":{"level":"info","requestBody":"","requestURL":"GET /api/posts/sort","timestamp":"Fri Nov 10 2023 18:15:41 GMT+0530 (India Standard Time)"}}
{"level":"info","message":{"level":"info","requestBody":"","requestURL":"GET /api/posts/sort","timestamp":"Fri Nov 10 2023 18:16:31 GMT+0530 (India Standard Time)"}}
{"level":"info","message":{"level":"info","requestBody":"{}","requestURL":"POST /api/posts/","timestamp":"Fri Nov 10 2023 18:17:45 GMT+0530 (India Standard Time)"}}
{"level":"info","message":{"level":"info","requestBody":"{}","requestURL":"POST /api/posts/","timestamp":"Fri Nov 10 2023 18:17:46 GMT+0530 (India Standard Time)"}}
{"level":"info","message":{"level":"info","requestBody":"{}","requestURL":"POST /api/posts/","timestamp":"Fri Nov 10 2023 18:17:47 GMT+0530 (India Standard Time)"}}
{"level":"info","message":{"level":"info","requestBody":"{}","requestURL":"POST /api/posts/","timestamp":"Fri Nov 10 2023 18:17:47 GMT+0530 (India Standard Time)"}}
{"level":"info","message":{"level":"info","requestBody":"{\"content\":\"hi boo\"}","requestURL":"POST /api/comments/1","timestamp":"Fri Nov 10 2023 18:17:50 GMT+0530 (India Standard Time)"}}
{"level":"info","message":{"level":"info","requestBody":"{\"content\":\"hi boo\"}","requestURL":"POST /api/comments/1","timestamp":"Fri Nov 10 2023 18:17:51 GMT+0530 (India Standard Time)"}}
{"level":"info","message":{"level":"info","requestBody":"{\"content\":\"hi boo\"}","requestURL":"POST /api/comments/1","timestamp":"Fri Nov 10 2023 18:17:52 GMT+0530 (India Standard Time)"}}
{"level":"info","message":{"level":"info","requestBody":"{\"content\":\"hi boo\"}","requestURL":"POST /api/comments/2","timestamp":"Fri Nov 10 2023 18:17:56 GMT+0530 (India Standard Time)"}}
{"level":"info","message":{"level":"info","requestBody":"{\"content\":\"hi boo\"}","requestURL":"POST /api/comments/2","timestamp":"Fri Nov 10 2023 18:17:56 GMT+0530 (India Standard Time)"}}
{"level":"info","message":{"level":"info","requestBody":"","requestURL":"GET /api/posts/sort","timestamp":"Fri Nov 10 2023 18:17:57 GMT+0530 (India Standard Time)"}}
{"level":"info","message":{"level":"info","requestBody":"","requestURL":"GET /api/posts/sort","timestamp":"Fri Nov 10 2023 18:18:16 GMT+0530 (India Standard Time)"}}
{"level":"info","message":{"level":"info","requestBody":"","requestURL":"GET /api/posts/sort","timestamp":"Fri Nov 10 2023 18:18:21 GMT+0530 (India Standard Time)"}}
{"level":"info","message":{"level":"info","requestBody":"{}","requestURL":"POST /api/posts/","timestamp":"Fri Nov 10 2023 19:01:52 GMT+0530 (India Standard Time)"}}
{"level":"info","message":{"level":"info","requestBody":"{\"content\":\"hi boo\"}","requestURL":"POST /api/comments/2","timestamp":"Fri Nov 10 2023 19:02:00 GMT+0530 (India Standard Time)"}}
{"level":"info","message":{"level":"info","requestBody":"{}","requestURL":"POST /api/posts/","timestamp":"Fri Nov 10 2023 19:02:11 GMT+0530 (India Standard Time)"}}
{"level":"info","message":{"level":"info","requestBody":"{}","requestURL":"POST /api/posts/","timestamp":"Fri Nov 10 2023 19:02:12 GMT+0530 (India Standard Time)"}}
{"level":"info","message":{"level":"info","requestBody":"{}","requestURL":"POST /api/posts/","timestamp":"Fri Nov 10 2023 19:02:12 GMT+0530 (India Standard Time)"}}
{"level":"info","message":{"level":"info","requestBody":"{}","requestURL":"POST /api/posts/","timestamp":"Fri Nov 10 2023 19:02:13 GMT+0530 (India Standard Time)"}}
{"level":"info","message":{"level":"info","requestBody":"{\"content\":\"hi boo\"}","requestURL":"POST /api/comments/2","timestamp":"Fri Nov 10 2023 19:02:16 GMT+0530 (India Standard Time)"}}
{"level":"info","message":{"level":"info","requestBody":"{\"content\":\"hi boo\"}","requestURL":"POST /api/comments/2","timestamp":"Fri Nov 10 2023 19:02:20 GMT+0530 (India Standard Time)"}}
{"level":"info","message":{"level":"info","requestBody":"{\"content\":\"hi boo\"}","requestURL":"POST /api/comments/2","timestamp":"Fri Nov 10 2023 19:02:21 GMT+0530 (India Standard Time)"}}
{"level":"info","message":{"level":"info","requestBody":"","requestURL":"GET /api/posts/sort","timestamp":"Fri Nov 10 2023 19:02:26 GMT+0530 (India Standard Time)"}}
{"level":"info","message":{"level":"info","requestBody":"","requestURL":"GET /api/posts/sort","timestamp":"Fri Nov 10 2023 19:04:02 GMT+0530 (India Standard Time)"}}
{"level":"info","message":{"level":"info","requestBody":"","requestURL":"GET /api/posts/sort","timestamp":"Fri Nov 10 2023 19:06:22 GMT+0530 (India Standard Time)"}}
{"level":"info","message":{"level":"info","requestBody":"{\"content\":\"hi boo\"}","requestURL":"POST /api/comments/1","timestamp":"Fri Nov 10 2023 19:06:32 GMT+0530 (India Standard Time)"}}
{"level":"info","message":{"level":"info","requestBody":"{\"content\":\"hi boo\"}","requestURL":"POST /api/comments/1","timestamp":"Fri Nov 10 2023 19:06:33 GMT+0530 (India Standard Time)"}}
{"level":"info","message":{"level":"info","requestBody":"","requestURL":"GET /api/posts/sort","timestamp":"Fri Nov 10 2023 19:06:35 GMT+0530 (India Standard Time)"}}
{"level":"info","message":{"level":"info","requestBody":"","requestURL":"GET /api/posts/sort","timestamp":"Fri Nov 10 2023 19:08:14 GMT+0530 (India Standard Time)"}}
{"level":"info","message":{"level":"info","requestBody":"{\"likescount\":\"1\"}","requestURL":"POST /api/likes/1","timestamp":"Fri Nov 10 2023 19:08:25 GMT+0530 (India Standard Time)"}}
{"level":"info","message":{"level":"info","requestBody":"{}","requestURL":"POST /api/posts/","timestamp":"Fri Nov 10 2023 19:08:29 GMT+0530 (India Standard Time)"}}
{"level":"info","message":{"level":"info","requestBody":"{\"content\":\"hi boo\"}","requestURL":"POST /api/comments/1","timestamp":"Fri Nov 10 2023 19:08:30 GMT+0530 (India Standard Time)"}}
{"level":"info","message":{"level":"info","requestBody":"{\"content\":\"hi boo\"}","requestURL":"POST /api/comments/1","timestamp":"Fri Nov 10 2023 19:08:31 GMT+0530 (India Standard Time)"}}
{"level":"info","message":{"level":"info","requestBody":"{\"content\":\"hi boo\"}","requestURL":"POST /api/comments/1","timestamp":"Fri Nov 10 2023 19:08:32 GMT+0530 (India Standard Time)"}}
{"level":"info","message":{"level":"info","requestBody":"","requestURL":"GET /api/posts/sort","timestamp":"Fri Nov 10 2023 19:08:33 GMT+0530 (India Standard Time)"}}
{"level":"info","message":{"level":"info","requestBody":"{}","requestURL":"POST /api/posts/","timestamp":"Fri Nov 10 2023 19:14:00 GMT+0530 (India Standard Time)"}}
{"level":"info","message":{"level":"info","requestBody":"{}","requestURL":"POST /api/posts/","timestamp":"Fri Nov 10 2023 19:14:00 GMT+0530 (India Standard Time)"}}
{"level":"info","message":{"level":"info","requestBody":"{}","requestURL":"POST /api/posts/","timestamp":"Fri Nov 10 2023 19:14:01 GMT+0530 (India Standard Time)"}}
{"level":"info","message":{"level":"info","requestBody":"","requestURL":"GET /api/posts/all","timestamp":"Fri Nov 10 2023 19:14:04 GMT+0530 (India Standard Time)"}}
{"level":"info","message":{"level":"info","requestBody":"{\"content\":\"hi boo\"}","requestURL":"POST /api/comments/1","timestamp":"Fri Nov 10 2023 19:14:11 GMT+0530 (India Standard Time)"}}
{"level":"info","message":{"level":"info","requestBody":"{\"content\":\"hi boo\"}","requestURL":"POST /api/comments/1","timestamp":"Fri Nov 10 2023 19:14:12 GMT+0530 (India Standard Time)"}}
{"level":"info","message":{"level":"info","requestBody":"{\"likescount\":\"1\"}","requestURL":"POST /api/likes/2","timestamp":"Fri Nov 10 2023 19:14:25 GMT+0530 (India Standard Time)"}}
{"level":"info","message":{"level":"info","requestBody":"{\"likescount\":\"1\"}","requestURL":"POST /api/likes/2","timestamp":"Fri Nov 10 2023 19:14:26 GMT+0530 (India Standard Time)"}}
{"level":"info","message":{"level":"info","requestBody":"{\"likescount\":\"1\"}","requestURL":"POST /api/likes/2","timestamp":"Fri Nov 10 2023 19:14:26 GMT+0530 (India Standard Time)"}}
{"level":"info","message":{"level":"info","requestBody":"{\"likescount\":\"1\"}","requestURL":"POST /api/likes/4","timestamp":"Fri Nov 10 2023 19:14:32 GMT+0530 (India Standard Time)"}}
{"level":"info","message":{"level":"info","requestBody":"","requestURL":"GET /api/posts/sort","timestamp":"Fri Nov 10 2023 19:14:38 GMT+0530 (India Standard Time)"}}
{"level":"info","message":{"level":"info","requestBody":"","requestURL":"GET /api/posts/sort/1","timestamp":"Fri Nov 10 2023 19:15:12 GMT+0530 (India Standard Time)"}}
{"level":"info","message":{"level":"info","requestBody":"","requestURL":"GET /api/posts/sort","timestamp":"Fri Nov 10 2023 19:15:16 GMT+0530 (India Standard Time)"}}
{"level":"info","message":{"level":"info","requestBody":"","requestURL":"GET /api/posts/sort/","timestamp":"Fri Nov 10 2023 19:15:19 GMT+0530 (India Standard Time)"}}
{"level":"info","message":{"level":"info","requestBody":"","requestURL":"GET /api/posts/sort","timestamp":"Fri Nov 10 2023 19:15:21 GMT+0530 (India Standard Time)"}}
{"level":"info","message":{"level":"info","requestBody":"{}","requestURL":"POST /api/posts/","timestamp":"Fri Nov 10 2023 19:17:36 GMT+0530 (India Standard Time)"}}
{"level":"info","message":{"level":"info","requestBody":"{}","requestURL":"POST /api/posts/","timestamp":"Fri Nov 10 2023 19:17:37 GMT+0530 (India Standard Time)"}}
{"level":"info","message":{"level":"info","requestBody":"{\"content\":\"hi boo\"}","requestURL":"POST /api/comments/1","timestamp":"Fri Nov 10 2023 19:17:40 GMT+0530 (India Standard Time)"}}
{"level":"info","message":{"level":"info","requestBody":"{\"content\":\"hi boo\"}","requestURL":"POST /api/comments/1","timestamp":"Fri Nov 10 2023 19:17:40 GMT+0530 (India Standard Time)"}}
{"level":"info","message":{"level":"info","requestBody":"{\"likescount\":\"1\"}","requestURL":"POST /api/likes/2","timestamp":"Fri Nov 10 2023 19:17:45 GMT+0530 (India Standard Time)"}}
{"level":"info","message":{"level":"info","requestBody":"","requestURL":"GET /api/posts/sorting","timestamp":"Fri Nov 10 2023 19:18:06 GMT+0530 (India Standard Time)"}}
{"level":"info","message":{"level":"info","requestBody":"","requestURL":"GET /api/posts/sort","timestamp":"Fri Nov 10 2023 19:18:24 GMT+0530 (India Standard Time)"}}
{"level":"info","message":{"level":"info","requestBody":"","requestURL":"GET /api/posts/sort","timestamp":"Fri Nov 10 2023 19:18:27 GMT+0530 (India Standard Time)"}}
{"level":"info","message":{"level":"info","requestBody":"","requestURL":"GET /api/posts/sorting","timestamp":"Fri Nov 10 2023 19:18:31 GMT+0530 (India Standard Time)"}}
{"level":"info","message":{"level":"info","requestBody":"","requestURL":"GET /api/posts/s","timestamp":"Fri Nov 10 2023 19:18:51 GMT+0530 (India Standard Time)"}}
{"level":"info","message":{"level":"info","requestBody":"","requestURL":"GET /api/posts/h","timestamp":"Fri Nov 10 2023 19:18:54 GMT+0530 (India Standard Time)"}}
{"level":"info","message":{"level":"info","requestBody":"","requestURL":"GET /api/posts/","timestamp":"Fri Nov 10 2023 19:18:56 GMT+0530 (India Standard Time)"}}
{"level":"info","message":{"level":"info","requestBody":"","requestURL":"GET /api/posts/","timestamp":"Fri Nov 10 2023 19:19:14 GMT+0530 (India Standard Time)"}}
{"level":"info","message":{"level":"info","requestBody":"","requestURL":"GET /api/posts/sorting","timestamp":"Fri Nov 10 2023 19:19:21 GMT+0530 (India Standard Time)"}}
{"level":"info","message":{"level":"info","requestBody":"{}","requestURL":"POST /api/posts/","timestamp":"Fri Nov 10 2023 19:21:26 GMT+0530 (India Standard Time)"}}
{"level":"info","message":{"level":"info","requestBody":"{}","requestURL":"POST /api/posts/","timestamp":"Fri Nov 10 2023 19:21:27 GMT+0530 (India Standard Time)"}}
{"level":"info","message":{"level":"info","requestBody":"{\"likescount\":\"1\"}","requestURL":"POST /api/likes/2","timestamp":"Fri Nov 10 2023 19:21:29 GMT+0530 (India Standard Time)"}}
{"level":"info","message":{"level":"info","requestBody":"{\"content\":\"hi boo\"}","requestURL":"POST /api/comments/1","timestamp":"Fri Nov 10 2023 19:21:31 GMT+0530 (India Standard Time)"}}
{"level":"info","message":{"level":"info","requestBody":"{\"content\":\"hi boo\"}","requestURL":"POST /api/comments/1","timestamp":"Fri Nov 10 2023 19:21:32 GMT+0530 (India Standard Time)"}}
{"level":"info","message":{"level":"info","requestBody":"","requestURL":"GET /api/posts/sorting","timestamp":"Fri Nov 10 2023 19:21:35 GMT+0530 (India Standard Time)"}}
{"level":"info","message":{"level":"info","requestBody":"","requestURL":"GET /api/posts/b","timestamp":"Fri Nov 10 2023 19:21:57 GMT+0530 (India Standard Time)"}}
{"level":"info","message":{"level":"info","requestBody":"","requestURL":"GET /api/posts/sorting","timestamp":"Fri Nov 10 2023 19:22:01 GMT+0530 (India Standard Time)"}}
{"level":"info","message":{"level":"info","requestBody":"","requestURL":"GET /api/posts/sorting","timestamp":"Fri Nov 10 2023 19:22:24 GMT+0530 (India Standard Time)"}}
{"level":"info","message":{"level":"info","requestBody":"","requestURL":"GET /api/posts/sorting","timestamp":"Fri Nov 10 2023 19:23:30 GMT+0530 (India Standard Time)"}}
{"level":"info","message":{"level":"info","requestBody":"{}","requestURL":"POST /api/posts/","timestamp":"Fri Nov 10 2023 19:23:42 GMT+0530 (India Standard Time)"}}
{"level":"info","message":{"level":"info","requestBody":"{}","requestURL":"POST /api/posts/","timestamp":"Fri Nov 10 2023 19:23:43 GMT+0530 (India Standard Time)"}}
{"level":"info","message":{"level":"info","requestBody":"{}","requestURL":"POST /api/posts/","timestamp":"Fri Nov 10 2023 19:23:45 GMT+0530 (India Standard Time)"}}
{"level":"info","message":{"level":"info","requestBody":"{\"content\":\"hi boo\"}","requestURL":"POST /api/comments/1","timestamp":"Fri Nov 10 2023 19:23:49 GMT+0530 (India Standard Time)"}}
{"level":"info","message":{"level":"info","requestBody":"{\"content\":\"hi boo\"}","requestURL":"POST /api/comments/1","timestamp":"Fri Nov 10 2023 19:23:50 GMT+0530 (India Standard Time)"}}
{"level":"info","message":{"level":"info","requestBody":"{\"likescount\":\"1\"}","requestURL":"POST /api/likes/2","timestamp":"Fri Nov 10 2023 19:23:52 GMT+0530 (India Standard Time)"}}
{"level":"info","message":{"level":"info","requestBody":"{\"likescount\":\"1\"}","requestURL":"POST /api/likes/1","timestamp":"Fri Nov 10 2023 19:23:55 GMT+0530 (India Standard Time)"}}
{"level":"info","message":{"level":"info","requestBody":"","requestURL":"GET /api/posts/sorting","timestamp":"Fri Nov 10 2023 19:23:58 GMT+0530 (India Standard Time)"}}
{"level":"info","message":{"level":"info","requestBody":"","requestURL":"GET /api/posts/filter?caption=cena","timestamp":"Fri Nov 10 2023 19:24:40 GMT+0530 (India Standard Time)"}}
{"level":"info","message":{"level":"info","requestBody":"","requestURL":"GET /api/posts/filter?caption=cena","timestamp":"Fri Nov 10 2023 19:24:57 GMT+0530 (India Standard Time)"}}
{"level":"info","message":{"level":"info","requestBody":"","requestURL":"GET /api/posts/filter?caption=wick","timestamp":"Fri Nov 10 2023 19:25:04 GMT+0530 (India Standard Time)"}}
{"level":"info","message":{"level":"info","requestBody":"","requestURL":"PUT /api/posts//bookmark/2","timestamp":"Fri Nov 10 2023 19:26:42 GMT+0530 (India Standard Time)"}}
{"level":"info","message":{"level":"info","requestBody":"","requestURL":"PUT /api/posts//bookmark/1","timestamp":"Fri Nov 10 2023 19:27:46 GMT+0530 (India Standard Time)"}}
{"level":"info","message":{"level":"info","requestBody":"","requestURL":"PUT /api/posts//bookmark/1","timestamp":"Fri Nov 10 2023 19:28:53 GMT+0530 (India Standard Time)"}}
{"level":"info","message":{"level":"info","requestBody":"","requestURL":"PUT /api/posts//bookmark/1","timestamp":"Fri Nov 10 2023 19:35:37 GMT+0530 (India Standard Time)"}}
{"level":"info","message":{"level":"info","requestBody":"","requestURL":"GET /api/posts/all","timestamp":"Fri Nov 10 2023 19:35:43 GMT+0530 (India Standard Time)"}}
{"level":"info","message":{"level":"info","requestBody":"{}","requestURL":"POST /api/posts/","timestamp":"Fri Nov 10 2023 19:35:48 GMT+0530 (India Standard Time)"}}
{"level":"info","message":{"level":"info","requestBody":"{}","requestURL":"POST /api/posts/","timestamp":"Fri Nov 10 2023 19:35:49 GMT+0530 (India Standard Time)"}}
{"level":"info","message":{"level":"info","requestBody":"","requestURL":"GET /api/posts/all","timestamp":"Fri Nov 10 2023 19:35:52 GMT+0530 (India Standard Time)"}}
{"level":"info","message":{"level":"info","requestBody":"","requestURL":"PUT /api/posts//bookmark/2","timestamp":"Fri Nov 10 2023 19:36:03 GMT+0530 (India Standard Time)"}}
{"level":"info","message":{"level":"info","requestBody":"","requestURL":"GET /api/posts/all","timestamp":"Fri Nov 10 2023 19:36:07 GMT+0530 (India Standard Time)"}}
{"level":"info","message":{"level":"info","requestBody":"{}","requestURL":"POST /api/posts/","timestamp":"Fri Nov 10 2023 19:38:27 GMT+0530 (India Standard Time)"}}
{"level":"info","message":{"level":"info","requestBody":"{}","requestURL":"POST /api/posts/","timestamp":"Fri Nov 10 2023 19:38:28 GMT+0530 (India Standard Time)"}}
{"level":"info","message":{"level":"info","requestBody":"{}","requestURL":"POST /api/posts/","timestamp":"Fri Nov 10 2023 19:38:29 GMT+0530 (India Standard Time)"}}
{"level":"info","message":{"level":"info","requestBody":"{}","requestURL":"POST /api/posts/","timestamp":"Fri Nov 10 2023 19:38:29 GMT+0530 (India Standard Time)"}}
{"level":"info","message":{"level":"info","requestBody":"{}","requestURL":"POST /api/posts/","timestamp":"Fri Nov 10 2023 19:38:30 GMT+0530 (India Standard Time)"}}
{"level":"info","message":{"level":"info","requestBody":"{}","requestURL":"POST /api/posts/","timestamp":"Fri Nov 10 2023 19:38:30 GMT+0530 (India Standard Time)"}}
{"level":"info","message":{"level":"info","requestBody":"{}","requestURL":"POST /api/posts/","timestamp":"Fri Nov 10 2023 19:38:31 GMT+0530 (India Standard Time)"}}
{"level":"info","message":{"level":"info","requestBody":"{}","requestURL":"POST /api/posts/","timestamp":"Fri Nov 10 2023 19:38:32 GMT+0530 (India Standard Time)"}}
{"level":"info","message":{"level":"info","requestBody":"{}","requestURL":"POST /api/posts/","timestamp":"Fri Nov 10 2023 19:38:33 GMT+0530 (India Standard Time)"}}
{"level":"info","message":{"level":"info","requestBody":"{}","requestURL":"POST /api/posts/","timestamp":"Fri Nov 10 2023 19:38:33 GMT+0530 (India Standard Time)"}}
{"level":"info","message":{"level":"info","requestBody":"{}","requestURL":"POST /api/posts/","timestamp":"Fri Nov 10 2023 19:38:34 GMT+0530 (India Standard Time)"}}
{"level":"info","message":{"level":"info","requestBody":"{}","requestURL":"POST /api/posts/","timestamp":"Fri Nov 10 2023 19:38:35 GMT+0530 (India Standard Time)"}}
{"level":"info","message":{"level":"info","requestBody":"","requestURL":"GET /api/posts/paginate?page=1&pageSize=10","timestamp":"Fri Nov 10 2023 19:38:38 GMT+0530 (India Standard Time)"}}
{"level":"info","message":{"level":"info","requestBody":"","requestURL":"GET /api/posts/sorting","timestamp":"Fri Nov 10 2023 19:39:00 GMT+0530 (India Standard Time)"}}
{"level":"info","message":{"level":"info","requestBody":"{\"likescount\":\"1\"}","requestURL":"POST /api/likes/1","timestamp":"Fri Nov 10 2023 19:39:12 GMT+0530 (India Standard Time)"}}
{"level":"info","message":{"level":"info","requestBody":"{\"likescount\":\"1\"}","requestURL":"POST /api/likes/2","timestamp":"Fri Nov 10 2023 19:39:20 GMT+0530 (India Standard Time)"}}
{"level":"info","message":{"level":"info","requestBody":"","requestURL":"DELETE /api/likes/2","timestamp":"Fri Nov 10 2023 19:39:24 GMT+0530 (India Standard Time)"}}
{"level":"info","message":{"level":"info","requestBody":"","requestURL":"GET /api/posts/all","timestamp":"Fri Nov 10 2023 19:39:29 GMT+0530 (India Standard Time)"}}
{"level":"info","message":{"level":"info","requestBody":"","requestURL":"GET /api/posts/all","timestamp":"Fri Nov 10 2023 19:40:07 GMT+0530 (India Standard Time)"}}
{"level":"info","message":{"level":"info","requestBody":"{}","requestURL":"POST /api/posts/","timestamp":"Fri Nov 10 2023 19:40:11 GMT+0530 (India Standard Time)"}}
{"level":"info","message":{"level":"info","requestBody":"{}","requestURL":"POST /api/posts/","timestamp":"Fri Nov 10 2023 19:40:12 GMT+0530 (India Standard Time)"}}
{"level":"info","message":{"level":"info","requestBody":"{\"likescount\":\"1\"}","requestURL":"POST /api/likes/2","timestamp":"Fri Nov 10 2023 19:40:17 GMT+0530 (India Standard Time)"}}
{"level":"info","message":{"level":"info","requestBody":"{\"likescount\":\"1\"}","requestURL":"POST /api/likes/2","timestamp":"Fri Nov 10 2023 19:40:18 GMT+0530 (India Standard Time)"}}
{"level":"info","message":{"level":"info","requestBody":"{\"likescount\":\"1\"}","requestURL":"POST /api/likes/1","timestamp":"Fri Nov 10 2023 19:40:22 GMT+0530 (India Standard Time)"}}
{"level":"info","message":{"level":"info","requestBody":"","requestURL":"DELETE /api/likes/1","timestamp":"Fri Nov 10 2023 19:40:26 GMT+0530 (India Standard Time)"}}
{"level":"info","message":{"level":"info","requestBody":"","requestURL":"GET /api/posts/all","timestamp":"Fri Nov 10 2023 19:40:35 GMT+0530 (India Standard Time)"}}
{"level":"info","message":{"level":"info","requestBody":"","requestURL":"DELETE /api/likes/2","timestamp":"Fri Nov 10 2023 19:40:58 GMT+0530 (India Standard Time)"}}
{"level":"info","message":{"level":"info","requestBody":"","requestURL":"GET /api/posts/all","timestamp":"Fri Nov 10 2023 19:41:21 GMT+0530 (India Standard Time)"}}
{"level":"info","message":{"level":"info","requestBody":"","requestURL":"DELETE /api/likes/2","timestamp":"Fri Nov 10 2023 19:41:50 GMT+0530 (India Standard Time)"}}
{"level":"info","message":{"level":"info","requestBody":"","requestURL":"DELETE /api/likes/3","timestamp":"Fri Nov 10 2023 19:41:55 GMT+0530 (India Standard Time)"}}
{"level":"info","message":{"level":"info","requestBody":"","requestURL":"DELETE /api/likes/1","timestamp":"Fri Nov 10 2023 19:41:58 GMT+0530 (India Standard Time)"}}
{"level":"info","message":{"level":"info","requestBody":"","requestURL":"GET /api/posts/all","timestamp":"Fri Nov 10 2023 19:42:03 GMT+0530 (India Standard Time)"}}
{"level":"info","message":{"level":"info","requestBody":"","requestURL":"GET /api/posts/all","timestamp":"Fri Nov 10 2023 19:42:49 GMT+0530 (India Standard Time)"}}
{"level":"info","message":{"level":"info","requestBody":"{\"likescount\":\"1\"}","requestURL":"POST /api/likes/1","timestamp":"Fri Nov 10 2023 19:43:01 GMT+0530 (India Standard Time)"}}
{"level":"info","message":{"level":"info","requestBody":"","requestURL":"GET /api/posts/all","timestamp":"Fri Nov 10 2023 19:43:05 GMT+0530 (India Standard Time)"}}
{"level":"info","message":{"level":"info","requestBody":"","requestURL":"DELETE /api/likes/1","timestamp":"Fri Nov 10 2023 19:43:17 GMT+0530 (India Standard Time)"}}
{"level":"info","message":{"level":"info","requestBody":"","requestURL":"GET /api/posts/all","timestamp":"Fri Nov 10 2023 19:43:21 GMT+0530 (India Standard Time)"}}
{"level":"info","message":{"level":"info","requestBody":"{\"likescount\":\"1\"}","requestURL":"POST /api/likes/1","timestamp":"Fri Nov 10 2023 19:43:27 GMT+0530 (India Standard Time)"}}
{"level":"info","message":{"level":"info","requestBody":"{\"likescount\":\"1\"}","requestURL":"POST /api/likes/1","timestamp":"Fri Nov 10 2023 19:43:29 GMT+0530 (India Standard Time)"}}
{"level":"info","message":{"level":"info","requestBody":"","requestURL":"GET /api/posts/all","timestamp":"Fri Nov 10 2023 19:43:31 GMT+0530 (India Standard Time)"}}
{"level":"info","message":{"level":"info","requestBody":"","requestURL":"DELETE /api/likes/2","timestamp":"Fri Nov 10 2023 19:43:52 GMT+0530 (India Standard Time)"}}
{"level":"info","message":{"level":"info","requestBody":"","requestURL":"DELETE /api/likes/1","timestamp":"Fri Nov 10 2023 19:44:10 GMT+0530 (India Standard Time)"}}
{"level":"info","message":{"level":"info","requestBody":"","requestURL":"GET /api/posts/all","timestamp":"Fri Nov 10 2023 19:44:14 GMT+0530 (India Standard Time)"}}
{"level":"info","message":{"level":"info","requestBody":"","requestURL":"DELETE /api/likes/3","timestamp":"Fri Nov 10 2023 19:44:22 GMT+0530 (India Standard Time)"}}
{"level":"info","message":{"level":"info","requestBody":"","requestURL":"GET /api/posts/all","timestamp":"Fri Nov 10 2023 19:44:24 GMT+0530 (India Standard Time)"}}
{"level":"info","message":{"level":"info","requestBody":"","requestURL":"GET /api/posts/all","timestamp":"Fri Nov 10 2023 20:03:05 GMT+0530 (India Standard Time)"}}
{"level":"info","message":{"level":"info","requestBody":"{}","requestURL":"POST /api/posts/","timestamp":"Fri Nov 10 2023 20:03:22 GMT+0530 (India Standard Time)"}}
{"level":"info","message":{"level":"info","requestBody":"{}","requestURL":"POST /api/posts/","timestamp":"Fri Nov 10 2023 20:03:23 GMT+0530 (India Standard Time)"}}
{"level":"info","message":{"level":"info","requestBody":"","requestURL":"GET /api/posts/all","timestamp":"Fri Nov 10 2023 20:03:26 GMT+0530 (India Standard Time)"}}
{"level":"info","message":{"level":"info","requestBody":"{}","requestURL":"POST /api/posts/","timestamp":"Fri Nov 10 2023 20:03:33 GMT+0530 (India Standard Time)"}}
{"level":"info","message":{"level":"info","requestBody":"{}","requestURL":"POST /api/posts/","timestamp":"Fri Nov 10 2023 20:03:34 GMT+0530 (India Standard Time)"}}
{"level":"info","message":{"level":"info","requestBody":"{\"likescount\":\"1\"}","requestURL":"POST /api/likes/1","timestamp":"Fri Nov 10 2023 20:03:42 GMT+0530 (India Standard Time)"}}
{"level":"info","message":{"level":"info","requestBody":"","requestURL":"GET /api/posts/all","timestamp":"Fri Nov 10 2023 20:03:54 GMT+0530 (India Standard Time)"}}
{"level":"info","message":{"level":"info","requestBody":"{\"likescount\":\"1\"}","requestURL":"POST /api/likes/1","timestamp":"Fri Nov 10 2023 20:04:01 GMT+0530 (India Standard Time)"}}
{"level":"info","message":{"level":"info","requestBody":"","requestURL":"DELETE /api/likes/1","timestamp":"Fri Nov 10 2023 20:04:11 GMT+0530 (India Standard Time)"}}
{"level":"info","message":{"level":"info","requestBody":"","requestURL":"GET /api/posts/all","timestamp":"Fri Nov 10 2023 20:04:14 GMT+0530 (India Standard Time)"}}
